<?xml version="1.0" encoding="UTF-8"?>
<!-- Generated by org.testng.reporters.JUnitReportReporter -->
<testsuite hostname="CBT-LAB-016" name="qsp.Demo1" tests="1" failures="0" timestamp="4 Feb 2018 11:16:20 GMT" time="19.552" errors="0">
  <testcase name="testA" time="19.552" classname="qsp.Demo1"/>
</testsuite> <!-- qsp.Demo1 -->
